<?xml version="1.0" encoding="UTF-8"?>
<!-- Generated by org.testng.reporters.JUnitReportReporter -->
<testsuite skipped="0" hostname="EC2AMAZ-6I6MDIP" name="Excercises.Excercise6" tests="1" failures="0" timestamp="13 Feb 2018 20:02:26 GMT" time="6.039" errors="0">
  <testcase name="testExcercise6" time="6.039" classname="Excercises.Excercise6"/>
</testsuite> <!-- Excercises.Excercise6 -->
