<?xml version="1.0" encoding="UTF-8"?>
<!-- Generated by org.testng.reporters.JUnitReportReporter -->
<testsuite skipped="0" hostname="EC2AMAZ-6I6MDIP" name="Excercises.Excercise8" tests="1" failures="0" timestamp="13 Feb 2018 21:21:12 GMT" time="4.220" errors="0">
  <testcase name="testExcercise6" time="4.220" classname="Excercises.Excercise8"/>
</testsuite> <!-- Excercises.Excercise8 -->
